1                               0
2                              01
1                               1
2                              10
3                             010
2                              11
3                             110
2                              00
3                             001
4                            0100
3                             000
4                            0001
3                             111
4                            1110
5                           01001
6                          010011
5                           00111
4                            0000
5                           00001
4                            1111
5                           11110
6                          100110
5                           11111
6                          111110
5                           01010
6                          101011
5                           00000
6                          000001
7                         0100110
6                          010111
7                         0010110
6                          101110
7                         1101111
6                          111111
7                         1111110
8                        01001101
7                         1101100
8                        01101101
7                         1011100
6                          000000
7                         0000001
8                        11011101
7                         0111010
8                        10111011
7                         0101010
8                        10101011
9                       010011010
8                        01000111
9                       101000110
8                        11010110
7                         0000000
8                        00000001
7                         1111111
8                        11111110
9                       011010111
8                        10111110
9                       010111111
8                        10001000
9                       010001001
8                        00000000
9                       000000001
10                     0100110101
9                       110101011
10                     0110101010
9                       101010100
8                        11111111
9                       111111110
10                     1101010101
9                       010101010
10                     1010101011
9                       000000000
10                     0000000001
9                       111101101
10                     0111101100
9                       111111111
10                     1111111110
11                    01001101011
10                     0101100000
11                    10101100001
10                     0110000001
11                    00110000000
10                     0101101010
11                    00101101011
10                     0100100100
11                    00100100101
10                     1111000011
11                    01111000010
10                     1110001111
11                    11110001110
10                     0011100100
11                    10011100101
10                     0111000001
11                    00111000000
10                     1101001111
11                    11101001110
10                     0000000000
11                    00000000001
10                     1111111111
11                    11111111110
10                     0110011001
11                    00110011000
12                   010011010111
11                    01110100100
12                   101110100101
11                    01100001011
12                   101100001010
13                  0100110101110
12                   001101011101
11                    01010101010
12                   101010101011
11                    00100100100
12                   100100100101
11                    11111111111
12                   111111111110
11                    00000000000
12                   000000000001
13                  1001101011100
12                   111010001010
13                  1111010001011
12                   000011001000
13                  1000011001001
12                   010001100100
13                  0010001100101
12                   010100100101
13                  0010100100100
12                   111111111111
13                  1111111111110
12                   000001110011
13                  1000001110010
12                   000000000000
13                  0000000000001
12                   111010011101
13                  0111010011100
12                   010000010000
13                  0010000010001
12                   000101000001
13                  0000101000000
12                   000100010001
13                  1000100010000
12                   110111011101
13                  1110111011100
12                   000001000000
13                  0000001000001
12                   010000110100
13                  1010000110101
14                 01001101011100
13                  1101011100100
12                   011010110110
13                  1011010110111
14                 01101011100101
13                  0101100111010
14                 00101100111011
13                  1001110000111
14                 01001110000110
13                  1010100001001
14                 01010100001000
13                  0001110101011
14                 00001110101010
13                  0110011101100
14                 10110011101101
13                  0101110011000
14                 00101110011001
13                  0010000100100
14                 10010000100101
13                  1111110011111
14                 01111110011110
13                  0000101011100
14                 00000101011101
13                  0101010101010
14                 10101010101011
15                010011010111000
14                 00110101110000
13                  1000101010001
14                 01000101010000
15                100110101110001
14                 01101011100011
13                  0000000000000
14                 00000000000001
13                  1111111111111
14                 11111111111110
15                001101011100010
14                 00000010001010
15                000000010001011
14                 01001110100110
15                001001110100111
14                 10011101001111
15                010011101001110
14                 01000110111001
15                001000110111000
14                 00000001100000
15                100000001100001
14                 00100011001101
15                000100011001100
14                 00011111000001
15                100011111000000
14                 11100000011000
15                111100000011001
14                 11000000110010
15                111000000110011
14                 10110011110011
15                010110011110010
14                 10101100011111
15                110101100011110
14                 01111111110001
15                001111111110000
14                 10010111100101
15                110010111100100
14                 11000101110100
15                011000101110101
14                 10010101100101
15                110010101100100
14                 10011001100110
15                110011001100111
16               0100110101110001
15                011010111000110
14                 00000000000000
15                000000000000001
14                 11111111111111
15                111111111111110
16               0011010111000111
15                110101110001111
16               0110101110001110
15                010110100010101
16               1010110100010100
15                001010000111000
16               1001010000111001
15                101101111101101
16               0101101111101100
15                101001111000000
16               1101001111000001
15                100100000001001
16               0100100000001000
15                000011011111110
16               0000011011111111
15                000111100000111
16               0000111100000110
15                000000000000000
16               0000000000000001
15                111111111111111
16               1111111111111110
15                111110111111101
16               1111110111111100
15                100101101001011
16               0100101101001010
15                110010011100011
16               1110010011100010
15                101110001011100
16               0101110001011101
15                100110001001100
16               0100110001001101
15                101110101011101
16               0101110101011100
15                010101010101010
16               1010101010101011
