                             1
                            11
                            00
                           000
                           111
                         00111
                          0000
                          1111
                         11111
                         01010
                         00000
                        010111
                        101110
                        111111
                       1101100
                       1011100
                        000000
                       0111010
                       0101010
                      01000111
                      11010110
                       0000000
                       1111111
                      10111110
                      10001000
                      00000000
                     110101011
                     101010100
                      11111111
                     010101010
                     000000000
                     111101101
                     111111111
                    0101100000
                    0110000001
                    0101101010
                    0100100100
                    1111000011
                    1110001111
                    0011100100
                    0111000001
                    1101001111
                    0000000000
                    1111111111
                    0110011001
                   01110100100
                   01100001011
                  001101011101
                   01010101010
                   00100100100
                   11111111111
                   00000000000
                  111010001010
                  000011001000
                  010001100100
                  010100100101
                  111111111111
                  000001110011
                  000000000000
                  111010011101
                  010000010000
                  000101000001
                  000100010001
                  110111011101
                  000001000000
                  010000110100
                 1101011100100
                  011010110110
                 0101100111010
                 1001110000111
                 1010100001001
                 0001110101011
                 0110011101100
                 0101110011000
                 0010000100100
                 1111110011111
                 0000101011100
                 0101010101010
                00110101110000
                 1000101010001
                01101011100011
                 0000000000000
                 1111111111111
                00000010001010
                01001110100110
                10011101001111
                01000110111001
                00000001100000
                00100011001101
                00011111000001
                11100000011000
                11000000110010
                10110011110011
                10101100011111
                01111111110001
                10010111100101
                11000101110100
                10010101100101
                10011001100110
               011010111000110
                00000000000000
                11111111111111
               110101110001111
               010110100010101
               001010000111000
               101101111101101
               101001111000000
               100100000001001
               000011011111110
               000111100000111
               000000000000000
               111111111111111
               111110111111101
               100101101001011
               110010011100011
               101110001011100
               100110001001100
               101110101011101
               010101010101010
