1                               0 2
2                              01 2
1                               1 1
2                              10 1
3                             010 2
2                              11 3
3                             110 1
2                              00 2
3                             001 1
4                            0100 2
3                             000 2
4                            0001 1
3                             111 3
4                            1110 1
5                           01001 10
6                          010011 4
5                           00111 1
4                            0000 12
5                           00001 1
4                            1111 9
5                           11110 1
6                          100110 4
5                           11111 7
6                          111110 1
5                           01010 4
6                          101011 2
5                           00000 23
6                          000001 1
7                         0100110 11
6                          010111 7
7                         0010110 13
6                          101110 8
7                         1101111 4
6                          111111 15
7                         1111110 1
8                        01001101 23
7                         1101100 3
8                        01101101 26
7                         1011100 4
6                          000000 10
7                         0000001 1
8                        11011101 14
7                         0111010 1
8                        10111011 22
7                         0101010 25
8                        10101011 2
9                       010011010 120
8                        01000111 5
9                       101000110 10
8                        11010110 5
7                         0000000 15
8                        00000001 1
7                         1111111 7
8                        11111110 1
9                       011010111 8
8                        10111110 3
9                       010111111 58
8                        10001000 135
9                       010001001 4
8                        00000000 34
9                       000000001 1
10                     0100110101 56
9                       110101011 3
10                     0110101010 83
9                       101010100 1
8                        11111111 38
9                       111111110 1
10                     1101010101 142
9                       010101010 1
10                     1010101011 2
9                       000000000 32
10                     0000000001 1
9                       111101101 222
10                     0111101100 8
9                       111111111 510
10                     1111111110 1
11                    01001101011 107
10                     0101100000 5
11                    10101100001 48
10                     0110000001 21
11                    00110000000 8
10                     0101101010 9
11                    00101101011 31
10                     0100100100 53
11                    00100100101 16
10                     1111000011 42
11                    01111000010 8
10                     1110001111 47
11                    11110001110 8
10                     0011100100 9
11                    10011100101 8
10                     0111000001 131
11                    00111000000 8
10                     1101001111 100
11                    11101001110 8
10                     0000000000 60
11                    00000000001 1
10                     1111111111 86
11                    11111111110 1
10                     0110011001 62
11                    00110011000 4
12                   010011010111 1294
11                    01110100100 15
12                   101110100101 115
11                    01100001011 25
12                   101100001010 8
13                  0100110101110 34
12                   001101011101 1
11                    01010101010 397
12                   101010101011 2
11                    00100100100 25
12                   100100100101 3
11                    11111111111 1227
12                   111111111110 1
11                    00000000000 881
12                   000000000001 1
13                  1001101011100 1078
12                   111010001010 27
13                  1111010001011 243
12                   000011001000 31
13                  1000011001001 16
12                   010001100100 37
13                  0010001100101 8
12                   010100100101 31
13                  0010100100100 8
12                   111111111111 30
13                  1111111111110 1
12                   000001110011 73
13                  1000001110010 34
12                   000000000000 24
13                  0000000000001 1
12                   111010011101 16
13                  0111010011100 48
12                   010000010000 139
13                  0010000010001 16
12                   000101000001 87
13                  0000101000000 8
12                   000100010001 141
13                  1000100010000 4
12                   110111011101 334
13                  1110111011100 4
12                   000001000000 41
13                  0000001000001 8
12                   010000110100 820
13                  1010000110101 8
14                 01001101011100 319
13                  1101011100100 3
12                   011010110110 555
13                  1011010110111 8
14                 01101011100101 3992
13                  0101100111010 9
14                 00101100111011 507
13                  1001110000111 15
14                 01001110000110 16
13                  1010100001001 19
14                 01010100001000 655
13                  0001110101011 11
14                 00001110101010 225
13                  0110011101100 278
14                 10110011101101 8
13                  0101110011000 133
14                 00101110011001 32
13                  0010000100100 209
14                 10010000100101 8
13                  1111110011111 269
14                 01111110011110 8
13                  0000101011100 1137
14                 00000101011101 24
13                  0101010101010 2692
14                 10101010101011 2
15                010011010111000 798
14                 00110101110000 1
13                  1000101010001 48
14                 01000101010000 8
15                100110101110001 3604
14                 01101011100011 1
13                  0000000000000 3005
14                 00000000000001 1
13                  1111111111111 529
14                 11111111111110 1
15                001101011100010 72
14                 00000010001010 19
15                000000010001011 1134
14                 01001110100110 35
15                001001110100111 484
14                 10011101001111 1
15                010011101001110 1310
14                 01000110111001 43
15                001000110111000 16
14                 00000001100000 11
15                100000001100001 310
14                 00100011001101 390
15                000100011001100 66
14                 00011111000001 39
15                100011111000000 16
14                 11100000011000 5
15                111100000011001 16
14                 11000000110010 1
15                111000000110011 16
14                 10110011110011 59
15                010110011110010 16
14                 10101100011111 121
15                110101100011110 48
14                 01111111110001 583
15                001111111110000 64
14                 10010111100101 105
15                110010111100100 8
14                 11000101110100 226
15                011000101110101 36
14                 10010101100101 2721
15                110010101100100 8
14                 10011001100110 9020
15                110011001100111 4
16               0100110101110001 3044
15                011010111000110 2
14                 00000000000000 4884
15                000000000000001 1
14                 11111111111111 8335
15                111111111111110 1
16               0011010111000111 16
15                110101110001111 1
16               0110101110001110 2527
15                010110100010101 47
16               1010110100010100 354
15                001010000111000 74
16               1001010000111001 48
15                101101111101101 742
16               0101101111101100 56
15                101001111000000 1478
16               1101001111000001 16
15                100100000001001 1001
16               0100100000001000 16
15                000011011111110 365
16               0000011011111111 16
15                000111100000111 275
16               0000111100000110 16
15                000000000000000 640
16               0000000000000001 1
15                111111111111111 15
16               1111111111111110 1
15                111110111111101 1135
16               1111110111111100 8
15                100101101001011 1455
16               0100101101001010 8
15                110010011100011 512
16               1110010011100010 16
15                101110001011100 1196
16               0101110001011101 8
15                100110001001100 903
16               0100110001001101 8
15                101110101011101 1589
16               0101110101011100 8
15                010101010101010 4411
16               1010101010101011 2
