X2
2
RN
X3
3
LX
X4
4
2
RN
LX
X5
5
3
LN
!
RX
X6
6
4
LX
3
LN
RX
X7
7
5
RN
LX
X8
8
6
!
RX
5
RN
RX
X9
9
7
LX
6
RN
LX
X10
10
8
RX
7
LX
6
RN
RX
X11
11
9
LX
8
!
RX
7
LN
RX
X12
12
10
!
RX
9
!
LX
8
RN
RX
X13
13
11
RX
10
RN
LX
X14
14
12
RX
11
!
RX
10
RN
LX
X15
15
13
!
LX
12
!
RX
11
RN
LX
X16
16
14
LX
13
LN
RX
X17
17
15
LX
14
!
LX
13
LN
LX
X18
18
16
RX
15
LX
14
LN
LX
X19
19
17
LX
16
RX
15
LX
14
LN
LX
X20
20
18
LX
17
!
LX
16
!
RX
15
LN
LX
X21
21
19
LX
18
LX
17
LN
RX
X22
22
20
LX
19
LX
18
!
LX
17
LN
RX
X23
23
21
RX
20
LX
19
!
LX
18
LN
RX
X24
24
22
RX
21
!
RX
20
!
LX
19
LN
RX
X25
25
23
RX
22
RX
21
RN
LX
X26
26
24
RX
23
RX
22
!
RX
21
RN
RX
X27
27
25
LX
24
RX
23
!
RX
22
RN
RX
X28
28
26
RX
25
LX
24
!
RX
23
RN
LX
X29
29
27
RX
26
RX
25
!
LX
24
RN
LX
X30
30
28
LX
27
RX
26
!
RX
25
LN
RX
X31
31
29
LX
28
LX
27
!
RX
26
RN
LX
X32
32
30
RX
29
LX
28
!
LX
27
RN
RX
X33
33
31
LX
30
RX
29
!
LX
28
LN
LX
X34
34
32
RX
31
LX
30
!
RX
29
LN
LX
X35
35
33
LX
32
RX
31
LX
30
RN
RX
X36
36
34
LX
33
LX
32
RX
31
LX
30
RN
LX
X37
37
35
RX
34
LX
33
LX
32
!
RX
31
LN
LX
X38
38
36
LX
35
RX
34
LX
33
!
LX
32
RN
RX
X39
39
37
LX
36
LX
35
RX
34
LX
33
LN
RX
X40
40
38
RX
37
LX
36
LX
35
!
RX
34
LX
33
LN
RX
X41
41
39
RX
38
RX
37
LX
36
!
LX
35
RN
LX
X42
42
40
RX
39
RX
38
RX
37
!
LX
36
LN
RX
X43
43
41
LX
40
RX
39
RX
38
!
RX
37
LN
LX
X44
44
42
RX
41
LX
40
RX
39
!
RX
38
RN
LX
X45
45
43
LX
42
RX
41
LX
40
!
RX
39
RN
LX
X46
46
44
LX
43
LX
42
RX
41
!
LX
40
RN
RX
X47
47
45
LX
44
LX
43
LX
42
!
RX
41
LN
RX
X48
48
46
RX
45
LX
44
LX
43
!
LX
42
RN
LX
X49
49
47
RX
46
RX
45
LX
44
!
LX
43
LN
LX
X50
50
48
LX
47
RX
46
RX
45
!
LX
44
LN
LX
X51
51
49
LX
48
LX
47
RX
46
!
RX
45
LN
LX
X52
52
50
LX
49
LX
48
!
LX
47
!
RX
46
RN
LX
X53
53
51
LX
50
LX
49
LX
48
LN
RX
X54
54
52
LX
51
LX
50
LX
49
!
LX
48
LN
LX
X55
55
53
RX
52
LX
51
LX
50
!
LX
49
LN
RX
X56
56
54
LX
53
RX
52
LX
51
!
LX
50
LN
RX
X57
57
55
RX
54
LX
53
RX
52
!
LX
51
LN
LX
X58
58
56
RX
55
RX
54
LX
53
!
RX
52
LN
RX
X59
59
57
LX
56
RX
55
RX
54
!
LX
53
RN
RX
X60
60
58
RX
57
LX
56
RX
55
!
RX
54
LN
RX
X61
61
59
RX
58
RX
57
LX
56
!
RX
55
RN
RX
X62
62
60
RX
59
RX
58
!
RX
57
!
LX
56
RN
RX
X63
63
61
RX
60
RX
59
RX
58
RN
LX
X64
64
62
RX
61
RX
60
RX
59
!
RX
58
RN
LX
X65
65
63
LX
62
RX
61
RX
60
!
RX
59
RN
RX
X66
66
64
LX
63
LX
62
RX
61
!
RX
60
RN
RX
X67
67
65
RX
64
LX
63
LX
62
RX
61
RN
LX
X68
68
66
RX
65
RX
64
LX
63
LX
62
!
RX
61
RN
LX
X69
69
67
LX
66
RX
65
RX
64
LX
63
!
LX
62
RN
RX
X70
70
68
LX
67
LX
66
RX
65
RX
64
!
LX
63
LN
RX
X71
71
69
RX
68
LX
67
LX
66
RX
65
!
RX
64
LN
RX
X72
72
70
RX
69
RX
68
LX
67
LX
66
!
RX
65
RN
RX
X73
73
71
RX
70
RX
69
RX
68
LX
67
!
LX
66
RN
RX
X74
74
72
RX
71
RX
70
RX
69
!
RX
68
!
LX
67
LN
RX
X75
75
73
RX
72
RX
71
RX
70
RX
69
RN
LX
X76
76
74
RX
73
RX
72
RX
71
RX
70
!
RX
69
RN
RX
X77
77
75
LX
74
RX
73
RX
72
RX
71
!
RX
70
RN
LX
X78
78
76
RX
75
LX
74
RX
73
RX
72
!
RX
71
RN
RX
X79
79
77
LX
76
RX
75
LX
74
!
RX
73
!
RX
72
RN
LX
X80
80
78
RX
77
LX
76
RX
75
!
LX
74
RN
RX
X81
81
79
LX
78
RX
77
LX
76
RX
75
LN
RX
X82
82
80
RX
79
LX
78
RX
77
LX
76
!
RX
75
LN
LX
X83
83
81
RX
80
RX
79
LX
78
RX
77
!
LX
76
RN
LX
X84
84
82
LX
81
RX
80
RX
79
LX
78
!
RX
77
LN
LX
X85
85
83
LX
82
LX
81
RX
80
RX
79
!
LX
78
RN
RX
X86
86
84
LX
83
LX
82
LX
81
RX
80
!
RX
79
LN
RX
X87
87
85
RX
84
LX
83
LX
82
LX
81
!
RX
80
RN
RX
X88
88
86
RX
85
RX
84
LX
83
LX
82
!
LX
81
RN
LX
X89
89
87
RX
86
RX
85
RX
84
LX
83
!
LX
82
LN
LX
X90
90
88
LX
87
RX
86
RX
85
RX
84
!
LX
83
LN
RX
X91
91
89
LX
88
LX
87
RX
86
RX
85
!
RX
84
LN
LX
X92
92
90
RX
89
LX
88
LX
87
RX
86
!
RX
85
RN
LX
X93
93
91
LX
90
RX
89
LX
88
LX
87
!
RX
86
RN
LX
X94
94
92
LX
91
LX
90
RX
89
LX
88
!
LX
87
RN
RX
X95
95
93
LX
92
LX
91
LX
90
RX
89
!
LX
88
LN
LX
X96
96
94
RX
93
LX
92
LX
91
LX
90
!
RX
89
LN
RX
X97
97
95
LX
94
RX
93
LX
92
LX
91
!
LX
90
RN
LX
X98
98
96
RX
95
LX
94
RX
93
LX
92
!
LX
91
LN
RX
X99
99
97
LX
96
RX
95
LX
94
RX
93
!
LX
92
LN
LX
98
RX
97
LX
96
RX
95
LX
94
!
RX
93
LN
